<?xml version="1.0" encoding="UTF-8"?>
<testng-results ignored="0" total="20" passed="20" failed="0" skipped="0">
  <reporter-output>
  </reporter-output>
  <suite started-at="2020-06-01T21:26:43Z" name="book-flight-module" finished-at="2020-06-01T21:27:48Z" duration-ms="64777">
    <groups>
    </groups>
    <test started-at="2020-06-01T21:26:43Z" name="book-flight-1" finished-at="2020-06-01T21:26:59Z" duration-ms="15406">
      <class name="com.newtours.tests.BookFlightTest">
        <test-method is-config="true" signature="setupDriver(org.testng.ITestContext)[pri:0, instance:com.newtours.tests.BookFlightTest@69a3d1d]" started-at="2020-06-01T21:26:43Z" name="setupDriver" finished-at="2020-06-01T21:26:46Z" duration-ms="2540" status="PASS">
          <params>
            <param index="0">
              <value>
                <![CDATA[org.testng.TestRunner@2f0ccb34]]>
              </value>
            </param>
          </params>
          <reporter-output>
          </reporter-output>
        </test-method> <!-- setupDriver -->
        <test-method is-config="true" signature="setupParameters(java.lang.String, java.lang.String)[pri:0, instance:com.newtours.tests.BookFlightTest@69a3d1d]" started-at="2020-06-01T21:26:46Z" name="setupParameters" finished-at="2020-06-01T21:26:46Z" depends-on-methods="tests.BaseTest.setupDriver" duration-ms="1" status="PASS">
          <params>
            <param index="0">
              <value>
                <![CDATA[1]]>
              </value>
            </param>
            <param index="1">
              <value>
                <![CDATA[$584 USD]]>
              </value>
            </param>
          </params>
          <reporter-output>
          </reporter-output>
        </test-method> <!-- setupParameters -->
        <test-method signature="registrationPage()[pri:0, instance:com.newtours.tests.BookFlightTest@69a3d1d]" started-at="2020-06-01T21:26:46Z" name="registrationPage" finished-at="2020-06-01T21:26:48Z" duration-ms="2637" status="PASS">
          <reporter-output>
          </reporter-output>
        </test-method> <!-- registrationPage -->
        <test-method signature="registrationConfirmationPage()[pri:0, instance:com.newtours.tests.BookFlightTest@69a3d1d]" started-at="2020-06-01T21:26:48Z" name="registrationConfirmationPage" finished-at="2020-06-01T21:26:49Z" depends-on-methods="com.newtours.tests.BookFlightTest.registrationPage" duration-ms="522" status="PASS">
          <reporter-output>
          </reporter-output>
        </test-method> <!-- registrationConfirmationPage -->
        <test-method signature="flightDetailsPage()[pri:0, instance:com.newtours.tests.BookFlightTest@69a3d1d]" started-at="2020-06-01T21:26:49Z" name="flightDetailsPage" finished-at="2020-06-01T21:26:50Z" depends-on-methods="com.newtours.tests.BookFlightTest.registrationConfirmationPage" duration-ms="1093" status="PASS">
          <reporter-output>
          </reporter-output>
        </test-method> <!-- flightDetailsPage -->
        <test-method signature="findFlightPage()[pri:0, instance:com.newtours.tests.BookFlightTest@69a3d1d]" started-at="2020-06-01T21:26:50Z" name="findFlightPage" finished-at="2020-06-01T21:26:53Z" depends-on-methods="com.newtours.tests.BookFlightTest.flightDetailsPage" duration-ms="2644" status="PASS">
          <reporter-output>
          </reporter-output>
        </test-method> <!-- findFlightPage -->
        <test-method signature="flightConfirmationPage()[pri:0, instance:com.newtours.tests.BookFlightTest@69a3d1d]" started-at="2020-06-01T21:26:53Z" name="flightConfirmationPage" finished-at="2020-06-01T21:26:58Z" depends-on-methods="com.newtours.tests.BookFlightTest.findFlightPage" duration-ms="5263" status="PASS">
          <reporter-output>
          </reporter-output>
        </test-method> <!-- flightConfirmationPage -->
        <test-method is-config="true" signature="quitDriver()[pri:0, instance:com.newtours.tests.BookFlightTest@69a3d1d]" started-at="2020-06-01T21:26:58Z" name="quitDriver" finished-at="2020-06-01T21:26:59Z" duration-ms="687" status="PASS">
          <reporter-output>
          </reporter-output>
        </test-method> <!-- quitDriver -->
      </class> <!-- com.newtours.tests.BookFlightTest -->
    </test> <!-- book-flight-1 -->
    <test started-at="2020-06-01T21:26:59Z" name="book-flight-2" finished-at="2020-06-01T21:27:14Z" duration-ms="15536">
      <class name="com.newtours.tests.BookFlightTest">
        <test-method is-config="true" signature="setupDriver(org.testng.ITestContext)[pri:0, instance:com.newtours.tests.BookFlightTest@7ce6a65d]" started-at="2020-06-01T21:26:59Z" name="setupDriver" finished-at="2020-06-01T21:27:01Z" duration-ms="2125" status="PASS">
          <params>
            <param index="0">
              <value>
                <![CDATA[org.testng.TestRunner@194012a2]]>
              </value>
            </param>
          </params>
          <reporter-output>
          </reporter-output>
        </test-method> <!-- setupDriver -->
        <test-method signature="registrationPage()[pri:0, instance:com.newtours.tests.BookFlightTest@7ce6a65d]" started-at="2020-06-01T21:27:01Z" name="registrationPage" finished-at="2020-06-01T21:27:03Z" duration-ms="2650" status="PASS">
          <reporter-output>
          </reporter-output>
        </test-method> <!-- registrationPage -->
        <test-method is-config="true" signature="setupParameters(java.lang.String, java.lang.String)[pri:0, instance:com.newtours.tests.BookFlightTest@7ce6a65d]" started-at="2020-06-01T21:27:01Z" name="setupParameters" finished-at="2020-06-01T21:27:01Z" depends-on-methods="tests.BaseTest.setupDriver" duration-ms="0" status="PASS">
          <params>
            <param index="0">
              <value>
                <![CDATA[2]]>
              </value>
            </param>
            <param index="1">
              <value>
                <![CDATA[$1169 USD]]>
              </value>
            </param>
          </params>
          <reporter-output>
          </reporter-output>
        </test-method> <!-- setupParameters -->
        <test-method signature="registrationConfirmationPage()[pri:0, instance:com.newtours.tests.BookFlightTest@7ce6a65d]" started-at="2020-06-01T21:27:03Z" name="registrationConfirmationPage" finished-at="2020-06-01T21:27:04Z" depends-on-methods="com.newtours.tests.BookFlightTest.registrationPage" duration-ms="515" status="PASS">
          <reporter-output>
          </reporter-output>
        </test-method> <!-- registrationConfirmationPage -->
        <test-method signature="flightDetailsPage()[pri:0, instance:com.newtours.tests.BookFlightTest@7ce6a65d]" started-at="2020-06-01T21:27:04Z" name="flightDetailsPage" finished-at="2020-06-01T21:27:05Z" depends-on-methods="com.newtours.tests.BookFlightTest.registrationConfirmationPage" duration-ms="1037" status="PASS">
          <reporter-output>
          </reporter-output>
        </test-method> <!-- flightDetailsPage -->
        <test-method signature="findFlightPage()[pri:0, instance:com.newtours.tests.BookFlightTest@7ce6a65d]" started-at="2020-06-01T21:27:05Z" name="findFlightPage" finished-at="2020-06-01T21:27:07Z" depends-on-methods="com.newtours.tests.BookFlightTest.flightDetailsPage" duration-ms="2308" status="PASS">
          <reporter-output>
          </reporter-output>
        </test-method> <!-- findFlightPage -->
        <test-method signature="flightConfirmationPage()[pri:0, instance:com.newtours.tests.BookFlightTest@7ce6a65d]" started-at="2020-06-01T21:27:07Z" name="flightConfirmationPage" finished-at="2020-06-01T21:27:12Z" depends-on-methods="com.newtours.tests.BookFlightTest.findFlightPage" duration-ms="4520" status="PASS">
          <reporter-output>
          </reporter-output>
        </test-method> <!-- flightConfirmationPage -->
        <test-method is-config="true" signature="quitDriver()[pri:0, instance:com.newtours.tests.BookFlightTest@7ce6a65d]" started-at="2020-06-01T21:27:12Z" name="quitDriver" finished-at="2020-06-01T21:27:14Z" duration-ms="2378" status="PASS">
          <reporter-output>
          </reporter-output>
        </test-method> <!-- quitDriver -->
      </class> <!-- com.newtours.tests.BookFlightTest -->
    </test> <!-- book-flight-2 -->
    <test started-at="2020-06-01T21:27:14Z" name="book-flight-3" finished-at="2020-06-01T21:27:29Z" duration-ms="14488">
      <class name="com.newtours.tests.BookFlightTest">
        <test-method is-config="true" signature="setupDriver(org.testng.ITestContext)[pri:0, instance:com.newtours.tests.BookFlightTest@cb51256]" started-at="2020-06-01T21:27:14Z" name="setupDriver" finished-at="2020-06-01T21:27:17Z" duration-ms="2498" status="PASS">
          <params>
            <param index="0">
              <value>
                <![CDATA[org.testng.TestRunner@55296b50]]>
              </value>
            </param>
          </params>
          <reporter-output>
          </reporter-output>
        </test-method> <!-- setupDriver -->
        <test-method is-config="true" signature="setupParameters(java.lang.String, java.lang.String)[pri:0, instance:com.newtours.tests.BookFlightTest@cb51256]" started-at="2020-06-01T21:27:17Z" name="setupParameters" finished-at="2020-06-01T21:27:17Z" depends-on-methods="tests.BaseTest.setupDriver" duration-ms="0" status="PASS">
          <params>
            <param index="0">
              <value>
                <![CDATA[3]]>
              </value>
            </param>
            <param index="1">
              <value>
                <![CDATA[$1753 USD]]>
              </value>
            </param>
          </params>
          <reporter-output>
          </reporter-output>
        </test-method> <!-- setupParameters -->
        <test-method signature="registrationPage()[pri:0, instance:com.newtours.tests.BookFlightTest@cb51256]" started-at="2020-06-01T21:27:17Z" name="registrationPage" finished-at="2020-06-01T21:27:19Z" duration-ms="2608" status="PASS">
          <reporter-output>
          </reporter-output>
        </test-method> <!-- registrationPage -->
        <test-method signature="registrationConfirmationPage()[pri:0, instance:com.newtours.tests.BookFlightTest@cb51256]" started-at="2020-06-01T21:27:19Z" name="registrationConfirmationPage" finished-at="2020-06-01T21:27:20Z" depends-on-methods="com.newtours.tests.BookFlightTest.registrationPage" duration-ms="512" status="PASS">
          <reporter-output>
          </reporter-output>
        </test-method> <!-- registrationConfirmationPage -->
        <test-method signature="flightDetailsPage()[pri:0, instance:com.newtours.tests.BookFlightTest@cb51256]" started-at="2020-06-01T21:27:20Z" name="flightDetailsPage" finished-at="2020-06-01T21:27:21Z" depends-on-methods="com.newtours.tests.BookFlightTest.registrationConfirmationPage" duration-ms="1123" status="PASS">
          <reporter-output>
          </reporter-output>
        </test-method> <!-- flightDetailsPage -->
        <test-method signature="findFlightPage()[pri:0, instance:com.newtours.tests.BookFlightTest@cb51256]" started-at="2020-06-01T21:27:21Z" name="findFlightPage" finished-at="2020-06-01T21:27:23Z" depends-on-methods="com.newtours.tests.BookFlightTest.flightDetailsPage" duration-ms="2231" status="PASS">
          <reporter-output>
          </reporter-output>
        </test-method> <!-- findFlightPage -->
        <test-method signature="flightConfirmationPage()[pri:0, instance:com.newtours.tests.BookFlightTest@cb51256]" started-at="2020-06-01T21:27:23Z" name="flightConfirmationPage" finished-at="2020-06-01T21:27:28Z" depends-on-methods="com.newtours.tests.BookFlightTest.findFlightPage" duration-ms="4730" status="PASS">
          <reporter-output>
          </reporter-output>
        </test-method> <!-- flightConfirmationPage -->
        <test-method is-config="true" signature="quitDriver()[pri:0, instance:com.newtours.tests.BookFlightTest@cb51256]" started-at="2020-06-01T21:27:28Z" name="quitDriver" finished-at="2020-06-01T21:27:29Z" duration-ms="781" status="PASS">
          <reporter-output>
          </reporter-output>
        </test-method> <!-- quitDriver -->
      </class> <!-- com.newtours.tests.BookFlightTest -->
    </test> <!-- book-flight-3 -->
    <test started-at="2020-06-01T21:27:29Z" name="book-flight-4" finished-at="2020-06-01T21:27:48Z" duration-ms="19278">
      <class name="com.newtours.tests.BookFlightTest">
        <test-method is-config="true" signature="setupDriver(org.testng.ITestContext)[pri:0, instance:com.newtours.tests.BookFlightTest@4923ab24]" started-at="2020-06-01T21:27:29Z" name="setupDriver" finished-at="2020-06-01T21:27:31Z" duration-ms="2121" status="PASS">
          <params>
            <param index="0">
              <value>
                <![CDATA[org.testng.TestRunner@60591e1b]]>
              </value>
            </param>
          </params>
          <reporter-output>
          </reporter-output>
        </test-method> <!-- setupDriver -->
        <test-method is-config="true" signature="setupParameters(java.lang.String, java.lang.String)[pri:0, instance:com.newtours.tests.BookFlightTest@4923ab24]" started-at="2020-06-01T21:27:31Z" name="setupParameters" finished-at="2020-06-01T21:27:31Z" depends-on-methods="tests.BaseTest.setupDriver" duration-ms="0" status="PASS">
          <params>
            <param index="0">
              <value>
                <![CDATA[4]]>
              </value>
            </param>
            <param index="1">
              <value>
                <![CDATA[$2338 USD]]>
              </value>
            </param>
          </params>
          <reporter-output>
          </reporter-output>
        </test-method> <!-- setupParameters -->
        <test-method signature="registrationPage()[pri:0, instance:com.newtours.tests.BookFlightTest@4923ab24]" started-at="2020-06-01T21:27:31Z" name="registrationPage" finished-at="2020-06-01T21:27:33Z" duration-ms="2633" status="PASS">
          <reporter-output>
          </reporter-output>
        </test-method> <!-- registrationPage -->
        <test-method signature="registrationConfirmationPage()[pri:0, instance:com.newtours.tests.BookFlightTest@4923ab24]" started-at="2020-06-01T21:27:33Z" name="registrationConfirmationPage" finished-at="2020-06-01T21:27:34Z" depends-on-methods="com.newtours.tests.BookFlightTest.registrationPage" duration-ms="522" status="PASS">
          <reporter-output>
          </reporter-output>
        </test-method> <!-- registrationConfirmationPage -->
        <test-method signature="flightDetailsPage()[pri:0, instance:com.newtours.tests.BookFlightTest@4923ab24]" started-at="2020-06-01T21:27:34Z" name="flightDetailsPage" finished-at="2020-06-01T21:27:35Z" depends-on-methods="com.newtours.tests.BookFlightTest.registrationConfirmationPage" duration-ms="1288" status="PASS">
          <reporter-output>
          </reporter-output>
        </test-method> <!-- flightDetailsPage -->
        <test-method signature="findFlightPage()[pri:0, instance:com.newtours.tests.BookFlightTest@4923ab24]" started-at="2020-06-01T21:27:35Z" name="findFlightPage" finished-at="2020-06-01T21:27:38Z" depends-on-methods="com.newtours.tests.BookFlightTest.flightDetailsPage" duration-ms="2408" status="PASS">
          <reporter-output>
          </reporter-output>
        </test-method> <!-- findFlightPage -->
        <test-method signature="flightConfirmationPage()[pri:0, instance:com.newtours.tests.BookFlightTest@4923ab24]" started-at="2020-06-01T21:27:38Z" name="flightConfirmationPage" finished-at="2020-06-01T21:27:44Z" depends-on-methods="com.newtours.tests.BookFlightTest.findFlightPage" duration-ms="6737" status="PASS">
          <reporter-output>
          </reporter-output>
        </test-method> <!-- flightConfirmationPage -->
        <test-method is-config="true" signature="quitDriver()[pri:0, instance:com.newtours.tests.BookFlightTest@4923ab24]" started-at="2020-06-01T21:27:44Z" name="quitDriver" finished-at="2020-06-01T21:27:48Z" duration-ms="3562" status="PASS">
          <reporter-output>
          </reporter-output>
        </test-method> <!-- quitDriver -->
      </class> <!-- com.newtours.tests.BookFlightTest -->
    </test> <!-- book-flight-4 -->
  </suite> <!-- book-flight-module -->
</testng-results>
