<?xml version="1.0" encoding="UTF-8"?>
<!-- Generated by org.testng.reporters.JUnitXMLReporter -->
<testsuite ignored="0" hostname="Aayush-PC" failures="0" tests="5" name="book-flight-4" time="19.278" errors="0" timestamp="01 Jun 2020 21:27:48 GMT">
  <testcase classname="com.newtours.tests.BookFlightTest" name="registrationPage" time="2.633"/>
  <testcase classname="com.newtours.tests.BookFlightTest" name="registrationConfirmationPage" time="0.522"/>
  <testcase classname="com.newtours.tests.BookFlightTest" name="flightDetailsPage" time="1.288"/>
  <testcase classname="com.newtours.tests.BookFlightTest" name="findFlightPage" time="2.408"/>
  <testcase classname="com.newtours.tests.BookFlightTest" name="flightConfirmationPage" time="6.737"/>
</testsuite> <!-- book-flight-4 -->
