<?xml version="1.0" encoding="UTF-8"?>
<!-- Generated by org.testng.reporters.JUnitXMLReporter -->
<testsuite ignored="0" hostname="Aayush-PC" failures="0" tests="5" name="book-flight-3" time="14.488" errors="0" timestamp="01 Jun 2020 21:27:29 GMT">
  <testcase classname="com.newtours.tests.BookFlightTest" name="registrationPage" time="2.608"/>
  <testcase classname="com.newtours.tests.BookFlightTest" name="registrationConfirmationPage" time="0.512"/>
  <testcase classname="com.newtours.tests.BookFlightTest" name="flightDetailsPage" time="1.123"/>
  <testcase classname="com.newtours.tests.BookFlightTest" name="findFlightPage" time="2.231"/>
  <testcase classname="com.newtours.tests.BookFlightTest" name="flightConfirmationPage" time="4.73"/>
</testsuite> <!-- book-flight-3 -->
