<?xml version="1.0" encoding="UTF-8"?>
<!-- Generated by org.testng.reporters.JUnitXMLReporter -->
<testsuite ignored="0" hostname="Aayush-PC" failures="0" tests="5" name="book-flight-2" time="15.536" errors="0" timestamp="01 Jun 2020 21:27:14 GMT">
  <testcase classname="com.newtours.tests.BookFlightTest" name="registrationPage" time="2.65"/>
  <testcase classname="com.newtours.tests.BookFlightTest" name="registrationConfirmationPage" time="0.515"/>
  <testcase classname="com.newtours.tests.BookFlightTest" name="flightDetailsPage" time="1.037"/>
  <testcase classname="com.newtours.tests.BookFlightTest" name="findFlightPage" time="2.308"/>
  <testcase classname="com.newtours.tests.BookFlightTest" name="flightConfirmationPage" time="4.52"/>
</testsuite> <!-- book-flight-2 -->
